2023-08-25 04:02:33 - DockStream version used: 1.0.0
2023-08-25 04:02:34 - Could not load CCDC / Gold docker - if another backend is being used, you can safely ignore this warning. The exception message reads: No module named 'ccdc'
2023-08-25 04:02:34 - Starting generation of pool Ligprep_pool.
2023-08-25 04:02:34 - Input type has not been explicitly specified, will attempt to infer it - this is not recommended.
2023-08-25 04:02:34 - Inferred pool type CONSOLE.
2023-08-25 06:45:51 - |█████████████████████████████████████████████████████████████████| 100.0% 
2023-08-25 06:45:51 - It appears ligprep could not embed all 263 ligands (6 were not found) - compounds not embedded might be ignored at the docking stage.
2023-08-25 06:45:51 - Completed construction of pool Ligprep_pool.
2023-08-25 06:45:51 - Starting docking run Glide_run.
2023-08-25 06:47:24 - |█████████████████████████████████████████████████████████████████| 100.0% 
2023-08-25 06:47:25 - Completed docking run Glide_run.
2023-08-25 06:47:27 - DockStream version used: 1.0.0
2023-08-25 06:47:27 - Could not load CCDC / Gold docker - if another backend is being used, you can safely ignore this warning. The exception message reads: No module named 'ccdc'
2023-08-25 06:47:27 - Starting generation of pool Ligprep_pool.
2023-08-25 06:47:27 - Input type has not been explicitly specified, will attempt to infer it - this is not recommended.
2023-08-25 06:47:27 - Inferred pool type CONSOLE.
2023-08-25 07:53:35 - |█████████████████████████████████████████████████████████████████| 100.0% 
2023-08-25 07:53:35 - It appears ligprep could not embed all 259 ligands (7 were not found) - compounds not embedded might be ignored at the docking stage.
2023-08-25 07:53:35 - Completed construction of pool Ligprep_pool.
2023-08-25 07:53:35 - Starting docking run Glide_run.
2023-08-25 07:54:43 - |█████████████████████████████████████████████████████████████████| 100.0% 
2023-08-25 07:54:43 - Completed docking run Glide_run.
2023-08-25 07:54:46 - DockStream version used: 1.0.0
2023-08-25 07:54:47 - Could not load CCDC / Gold docker - if another backend is being used, you can safely ignore this warning. The exception message reads: No module named 'ccdc'
2023-08-25 07:54:47 - Starting generation of pool Ligprep_pool.
2023-08-25 07:54:47 - Input type has not been explicitly specified, will attempt to infer it - this is not recommended.
2023-08-25 07:54:47 - Inferred pool type CONSOLE.
2023-08-25 09:27:57 - |█████████████████████████████████████████████████████████████████| 100.0% 
2023-08-25 09:27:57 - It appears ligprep could not embed all 330 ligands (4 were not found) - compounds not embedded might be ignored at the docking stage.
2023-08-25 09:27:57 - Completed construction of pool Ligprep_pool.
2023-08-25 09:27:57 - Starting docking run Glide_run.
2023-08-25 09:29:27 - |█████████████████████████████████████████████████████████████████| 100.0% 
2023-08-25 09:29:28 - Completed docking run Glide_run.
2023-08-25 09:29:44 - DockStream version used: 1.0.0
2023-08-25 09:29:44 - Could not load CCDC / Gold docker - if another backend is being used, you can safely ignore this warning. The exception message reads: No module named 'ccdc'
2023-08-25 09:29:44 - Starting generation of pool Ligprep_pool.
2023-08-25 09:29:44 - Input type has not been explicitly specified, will attempt to infer it - this is not recommended.
2023-08-25 09:29:44 - Inferred pool type CONSOLE.
2023-08-25 11:14:54 - |█████████████████████████████████████████████████████████████████| 100.0% 
2023-08-25 11:14:54 - It appears ligprep could not embed all 288 ligands (10 were not found) - compounds not embedded might be ignored at the docking stage.
2023-08-25 11:14:54 - Completed construction of pool Ligprep_pool.
2023-08-25 11:14:54 - Starting docking run Glide_run.
2023-08-25 11:16:13 - |█████████████████████████████████████████████████████████████████| 100.0% 
2023-08-25 11:16:14 - Completed docking run Glide_run.
2023-08-25 11:16:18 - DockStream version used: 1.0.0
2023-08-25 11:16:18 - Could not load CCDC / Gold docker - if another backend is being used, you can safely ignore this warning. The exception message reads: No module named 'ccdc'
2023-08-25 11:16:18 - Starting generation of pool Ligprep_pool.
2023-08-25 11:16:18 - Input type has not been explicitly specified, will attempt to infer it - this is not recommended.
2023-08-25 11:16:18 - Inferred pool type CONSOLE.
2023-08-25 12:29:27 - |█████████████████████████████████████████████████████████████████| 100.0% 
2023-08-25 12:29:27 - It appears ligprep could not embed all 253 ligands (12 were not found) - compounds not embedded might be ignored at the docking stage.
2023-08-25 12:29:27 - Completed construction of pool Ligprep_pool.
2023-08-25 12:29:27 - Starting docking run Glide_run.
2023-08-25 12:30:39 - |█████████████████████████████████████████████████████████████████| 100.0% 
2023-08-25 12:30:40 - Completed docking run Glide_run.
2023-08-25 12:30:44 - DockStream version used: 1.0.0
2023-08-25 12:30:44 - Could not load CCDC / Gold docker - if another backend is being used, you can safely ignore this warning. The exception message reads: No module named 'ccdc'
2023-08-25 12:30:44 - Starting generation of pool Ligprep_pool.
2023-08-25 12:30:44 - Input type has not been explicitly specified, will attempt to infer it - this is not recommended.
2023-08-25 12:30:44 - Inferred pool type CONSOLE.
